<?xml version="1.0" encoding="utf-8"?><testsuites><testsuite name="pytest" errors="0" failures="0" skipped="0" tests="25" time="0.870" timestamp="2024-11-28T11:44:08.314556+07:00" hostname="314d-13"><testcase classname="test_1" name="test_product[1-2-2]" time="0.001" /><testcase classname="test_1" name="test_product[-3-4--12]" time="0.001" /><testcase classname="test_1" name="test_product[0-100-0]" time="0.001" /><testcase classname="test_1" name="test_product[-7--6-42]" time="0.001" /><testcase classname="test_1" name="test_product[0-0-0]" time="0.001" /><testcase classname="test_1" name="test_quotient[6-2-3]" time="0.001" /><testcase classname="test_1" name="test_quotient[10-5-2]" time="0.001" /><testcase classname="test_1" name="test_quotient[1-0-None]" time="0.001" /><testcase classname="test_1" name="test_quotient[100-25-4]" time="0.001" /><testcase classname="test_1" name="test_quotient[10-3-3.3333333333333335]" time="0.001" /><testcase classname="test_1" name="test_euclidean_distance[0-0-0-0-0]" time="0.001" /><testcase classname="test_1" name="test_euclidean_distance[1-1-4-5-5]" time="0.001" /><testcase classname="test_1" name="test_euclidean_distance[-2--2-3-3-7.0710678118654755]" time="0.001" /><testcase classname="test_1" name="test_euclidean_distance[0-0-10-0-10]" time="0.001" /><testcase classname="test_1" name="test_euclidean_distance[1-2-3-2-2]" time="0.001" /><testcase classname="test_1" name="test_solve_quadratic_equation[1--3-2-expected0]" time="0.001" /><testcase classname="test_1" name="test_solve_quadratic_equation[1--2-1-1]" time="0.001" /><testcase classname="test_1" name="test_solve_quadratic_equation[1-2-1--1]" time="0.001" /><testcase classname="test_1" name="test_solve_quadratic_equation[1-4-5-None]" time="0.001" /><testcase classname="test_1" name="test_solve_quadratic_equation[1-0--4-expected4]" time="0.001" /><testcase classname="test_1" name="test_sum_geometric_series[1-2-3-7]" time="0.001" /><testcase classname="test_1" name="test_sum_geometric_series[3-1-4-12]" time="0.001" /><testcase classname="test_1" name="test_sum_geometric_series[5-0.5-5-9.6875]" time="0.001" /><testcase classname="test_1" name="test_sum_geometric_series[2-0.5-6-3.9375]" time="0.001" /><testcase classname="test_1" name="test_sum_geometric_series[10-3-2-40]" time="0.001" /></testsuite></testsuites>